{"total": {"lines":{"total":210,"covered":197,"skipped":0,"pct":93.8},"statements":{"total":210,"covered":197,"skipped":0,"pct":93.8},"functions":{"total":14,"covered":14,"skipped":0,"pct":100},"branches":{"total":95,"covered":85,"skipped":0,"pct":89.47},"branchesTrue":{"total":0,"covered":0,"skipped":0,"pct":"Unknown"}}
,"/Users/atharvb/Documents/team11-uniskill/uniskill-frontend/src/utils/onboardingLocal.js": {"lines":{"total":35,"covered":35,"skipped":0,"pct":100},"functions":{"total":4,"covered":4,"skipped":0,"pct":100},"statements":{"total":35,"covered":35,"skipped":0,"pct":100},"branches":{"total":10,"covered":10,"skipped":0,"pct":100}}
,"/Users/atharvb/Documents/team11-uniskill/uniskill-frontend/src/utils/session.js": {"lines":{"total":60,"covered":60,"skipped":0,"pct":100},"functions":{"total":6,"covered":6,"skipped":0,"pct":100},"statements":{"total":60,"covered":60,"skipped":0,"pct":100},"branches":{"total":19,"covered":19,"skipped":0,"pct":100}}
,"/Users/atharvb/Documents/team11-uniskill/uniskill-frontend/src/utils/validation.js": {"lines":{"total":115,"covered":102,"skipped":0,"pct":88.69},"functions":{"total":4,"covered":4,"skipped":0,"pct":100},"statements":{"total":115,"covered":102,"skipped":0,"pct":88.69},"branches":{"total":66,"covered":56,"skipped":0,"pct":84.84}}
}
